\BOOKMARK [0][-]{chapter*.2}{Abstract}{}% 1
\BOOKMARK [0][-]{chapter*.4}{List of Figures}{}% 2
\BOOKMARK [0][-]{chapter*.5}{List of Algorithms}{}% 3
\BOOKMARK [0][-]{chapter.1}{Introduction}{}% 4
\BOOKMARK [1][-]{section.1.1}{Overview}{chapter.1}% 5
\BOOKMARK [1][-]{section.1.2}{Objectives}{chapter.1}% 6
\BOOKMARK [1][-]{section.1.3}{Structure of Report}{chapter.1}% 7
\BOOKMARK [0][-]{chapter.2}{Background}{}% 8
\BOOKMARK [1][-]{section.2.1}{Kinect}{chapter.2}% 9
\BOOKMARK [1][-]{section.2.2}{3D Reconstruct}{chapter.2}% 10
\BOOKMARK [0][-]{chapter.3}{Related Tools and Libraries}{}% 11
\BOOKMARK [1][-]{section.3.1}{Git}{chapter.3}% 12
\BOOKMARK [1][-]{section.3.2}{QT Framework and QT Creator}{chapter.3}% 13
\BOOKMARK [1][-]{section.3.3}{Microsoft SDK}{chapter.3}% 14
\BOOKMARK [1][-]{section.3.4}{OpenNI2}{chapter.3}% 15
\BOOKMARK [1][-]{section.3.5}{Point Cloud Library}{chapter.3}% 16
\BOOKMARK [1][-]{section.3.6}{Kinect Fusion}{chapter.3}% 17
\BOOKMARK [0][-]{chapter.4}{Implementation}{}% 18
\BOOKMARK [1][-]{section.4.1}{Project Management}{chapter.4}% 19
\BOOKMARK [1][-]{section.4.2}{Coding Standard}{chapter.4}% 20
\BOOKMARK [1][-]{section.4.3}{Setup}{chapter.4}% 21
\BOOKMARK [1][-]{section.4.4}{Graphical User Interface}{chapter.4}% 22
\BOOKMARK [0][-]{chapter.5}{Implementation}{}% 23
\BOOKMARK [1][-]{section.5.1}{Surface Measurement}{chapter.5}% 24
\BOOKMARK [1][-]{section.5.2}{Sensor Pose Estimation}{chapter.5}% 25
\BOOKMARK [1][-]{section.5.3}{Global Model Update}{chapter.5}% 26
\BOOKMARK [1][-]{section.5.4}{Surface Extraction}{chapter.5}% 27
\BOOKMARK [1][-]{section.5.5}{Post-processing}{chapter.5}% 28
\BOOKMARK [0][-]{chapter.6}{Result and Discussion}{}% 29
\BOOKMARK [0][-]{chapter.7}{Conclusion}{}% 30
\BOOKMARK [0][-]{chapter*.6}{Bibliography}{}% 31
